<?xml version="1.0" encoding="UTF-8"?>
<!-- Generated by org.testng.reporters.JUnitReportReporter -->
<testsuite hostname="Administrators-MacBook-Air-37.local" failures="0" tests="1" name="NewTest" time="1.765" errors="0" timestamp="19 Sep 2019 12:05:25 GMT">
  <testcase classname="NewTest" name="verifyGooglePageTittle" time="1.765"/>
</testsuite> <!-- NewTest -->
